TN:
SF:/Users/tab/Documents/Self-Project/typescript-with-react-blog/react-backend/app.js
FN:30,(anonymous_0)
FN:40,(anonymous_1)
FN:53,(anonymous_2)
FNF:3
FNH:1
FNDA:0,(anonymous_0)
FNDA:1,(anonymous_1)
FNDA:0,(anonymous_2)
DA:1,1
DA:2,1
DA:3,1
DA:4,1
DA:5,1
DA:7,1
DA:8,1
DA:9,1
DA:10,1
DA:12,1
DA:18,1
DA:19,1
DA:20,1
DA:21,1
DA:22,1
DA:24,1
DA:25,1
DA:26,1
DA:27,1
DA:30,1
DA:31,0
DA:32,0
DA:33,0
DA:36,1
DA:39,1
DA:40,1
DA:41,1
DA:42,0
DA:44,1
DA:49,1
DA:50,1
DA:53,1
DA:55,0
DA:56,0
DA:59,0
DA:60,0
DA:63,1
LF:37
LH:29
BRDA:41,0,0,0
BRDA:41,0,1,1
BRDA:56,1,0,0
BRDA:56,1,1,0
BRDA:59,2,0,0
BRDA:59,2,1,0
BRF:6
BRH:1
end_of_record
TN:
SF:/Users/tab/Documents/Self-Project/typescript-with-react-blog/react-backend/config/_config.js
FNF:0
FNH:0
DA:1,1
DA:2,1
DA:6,1
DA:10,1
LF:4
LH:4
BRF:0
BRH:0
end_of_record
TN:
SF:/Users/tab/Documents/Self-Project/typescript-with-react-blog/react-backend/controllers/index.js
FN:5,(anonymous_0)
FNF:1
FNH:0
FNDA:0,(anonymous_0)
DA:1,1
DA:2,1
DA:5,1
DA:6,0
DA:9,1
LF:5
LH:4
BRF:0
BRH:0
end_of_record
TN:
SF:/Users/tab/Documents/Self-Project/typescript-with-react-blog/react-backend/controllers/users.js
FN:8,createOrUpdate
FN:19,(anonymous_1)
FN:22,(anonymous_2)
FN:25,(anonymous_3)
FN:31,(anonymous_4)
FN:34,(anonymous_5)
FN:52,(anonymous_6)
FN:56,(anonymous_7)
FN:74,(anonymous_8)
FNF:9
FNH:0
FNDA:0,createOrUpdate
FNDA:0,(anonymous_1)
FNDA:0,(anonymous_2)
FNDA:0,(anonymous_3)
FNDA:0,(anonymous_4)
FNDA:0,(anonymous_5)
FNDA:0,(anonymous_6)
FNDA:0,(anonymous_7)
FNDA:0,(anonymous_8)
DA:1,1
DA:2,1
DA:9,0
DA:10,0
DA:12,0
DA:17,0
DA:18,0
DA:20,0
DA:23,0
DA:26,0
DA:27,0
DA:28,0
DA:29,0
DA:31,0
DA:33,0
DA:34,0
DA:35,0
DA:36,0
DA:37,0
DA:38,0
DA:39,0
DA:41,0
DA:44,0
DA:45,0
DA:52,1
DA:53,0
DA:56,0
DA:57,0
DA:58,0
DA:61,0
DA:62,0
DA:63,0
DA:64,0
DA:65,0
DA:67,0
DA:68,0
DA:69,0
DA:74,1
DA:75,0
DA:80,0
LF:40
LH:4
BRDA:17,0,0,0
BRDA:17,0,1,0
BRDA:20,1,0,0
BRDA:20,1,1,0
BRDA:35,2,0,0
BRDA:35,2,1,0
BRDA:36,3,0,0
BRDA:36,3,1,0
BRDA:57,4,0,0
BRDA:57,4,1,0
BRDA:61,5,0,0
BRDA:61,5,1,0
BRF:12
BRH:0
end_of_record
TN:
SF:/Users/tab/Documents/Self-Project/typescript-with-react-blog/react-backend/model/User.js
FN:4,(anonymous_0)
FNF:1
FNH:1
FNDA:6,(anonymous_0)
DA:1,1
DA:2,1
DA:4,1
DA:5,6
DA:6,6
DA:7,1
DA:9,6
DA:13,1
LF:8
LH:8
BRDA:6,0,0,1
BRDA:6,0,1,5
BRF:2
BRH:2
end_of_record
TN:
SF:/Users/tab/Documents/Self-Project/typescript-with-react-blog/react-backend/shemas/User.js
FNF:0
FNH:0
DA:1,1
DA:3,1
LF:2
LH:2
BRF:0
BRH:0
end_of_record
TN:
SF:/Users/tab/Documents/Self-Project/typescript-with-react-blog/react-backend/ultis/request.js
FNF:0
FNH:0
DA:1,1
DA:3,1
LF:2
LH:2
BRF:0
BRH:0
end_of_record
TN:
SF:/Users/tab/Documents/Self-Project/typescript-with-react-blog/react-backend/ultis/test-ultis.js
FN:10,(anonymous_0)
FNF:1
FNH:1
FNDA:1,(anonymous_0)
DA:3,1
DA:4,1
DA:5,1
DA:6,1
DA:8,1
DA:10,1
DA:11,1
DA:12,1
DA:13,1
DA:14,1
LF:10
LH:10
BRF:0
BRH:0
end_of_record
TN:
SF:/Users/tab/Documents/Self-Project/typescript-with-react-blog/react-backend/ultis/user.js
FN:6,(anonymous_0)
FN:15,(anonymous_1)
FN:21,(anonymous_2)
FN:24,(anonymous_3)
FN:28,(anonymous_4)
FN:34,(anonymous_5)
FN:39,(anonymous_6)
FN:44,(anonymous_7)
FNF:8
FNH:4
FNDA:1,(anonymous_0)
FNDA:6,(anonymous_1)
FNDA:0,(anonymous_2)
FNDA:6,(anonymous_3)
FNDA:6,(anonymous_4)
FNDA:0,(anonymous_5)
FNDA:0,(anonymous_6)
FNDA:0,(anonymous_7)
DA:1,1
DA:2,1
DA:3,1
DA:4,1
DA:6,1
DA:7,1
DA:8,0
DA:10,1
DA:16,6
DA:17,6
DA:25,6
DA:26,6
DA:29,6
DA:30,6
DA:32,6
DA:35,0
DA:40,0
DA:45,0
DA:52,1
LF:19
LH:15
BRDA:7,0,0,0
BRDA:7,0,1,1
BRF:2
BRH:1
end_of_record
